Change Component Designator: Old Designator=C_AVDD New Designator=C_AVDD1
Change Component Designator: Old Designator=C_AVDD_0 New Designator=C_AVDD_1
Change Component Designator: Old Designator=C_AVDD_1 New Designator=C_AVDD_2
Change Component Designator: Old Designator=C_DEC New Designator=C_DEC1
Change Component Designator: Old Designator=C_IOVDD New Designator=C_IOVDD1
Change Component Designator: Old Designator=C_IOVDD_3 New Designator=C_IOVDD_1
Change Component Designator: Old Designator=C_IOVDD_5 New Designator=C_IOVDD_2
Change Component Designator: Old Designator=C_IVDD_0 New Designator=C_IVDD_1
Change Component Designator: Old Designator=C_VDD1 New Designator=C_VDD2
Change Component Designator: Old Designator=C_VDD New Designator=C_VDD1
Change Component Designator: Old Designator=CL+ New Designator=CL+1
Change Component Designator: Old Designator=CL- New Designator=CL-1
Change Component Designator: Old Designator=D0 New Designator=D3
Change Component Designator: Old Designator=J1.0 New Designator=J1
Change Component Designator: Old Designator=J1.0 New Designator=J1
Change Component Designator: Old Designator=P1 New Designator=P2
Change Component Designator: Old Designator=P1.0 New Designator=P1
Change Component Designator: Old Designator=P2.0 New Designator=P3
Change Component Designator: Old Designator=R_LED0 New Designator=R_LED3
Change Component Designator: Old Designator=R_reset New Designator=R_reset1
Change Component Designator: Old Designator=Y1.0 New Designator=Y1
