Change Pin Designator/Name:  Old Designator=U1A-3 Old Name=PA2 New Designator =PE4 New Name=41
Change Pin Designator/Name:  Old Designator=U1A-4 Old Name=PA3 New Designator =PE5 New Name=42
Change Pin Designator/Name:  Old Designator=U1A-11 Old Name=PB5 New Designator =PE6 New Name=43
Change Pin Designator/Name:  Old Designator=U1A-12 Old Name=PB6 New Designator =PE7 New Name=44
Change Pin Designator/Name:  Old Designator=U1A-15 Old Name=PB7 New Designator =PD2 New Name=30
Change Pin Designator/Name:  Old Designator=U1A-16 Old Name=PB8 New Designator =PA12 New Name=17
Change Pin Designator/Name:  Old Designator=U1A-17 Old Name=PA12 New Designator =PB7 New Name=15
Change Pin Designator/Name:  Old Designator=U1A-18 Old Name=PA13 New Designator =PB8 New Name=16
Change Pin Designator/Name:  Old Designator=U1A-19 Old Name=PA14 New Designator =PE14 New Name=63
Change Pin Designator/Name:  Old Designator=U1A-21 Old Name=PB11 New Designator =PA13 New Name=18
Change Pin Designator/Name:  Old Designator=U1A-28 Old Name=PD0 New Designator =PF10 New Name=47
Change Pin Designator/Name:  Old Designator=U1A-29 Old Name=PD1 New Designator =PD3 New Name=31
Change Pin Designator/Name:  Old Designator=U1A-30 Old Name=PD2 New Designator =PB11 New Name=21
Change Pin Designator/Name:  Old Designator=U1A-31 Old Name=PD3 New Designator =PD1 New Name=29
Change Pin Designator/Name:  Old Designator=U1A-41 Old Name=PE4 New Designator =PF12 New Name=53
Change Pin Designator/Name:  Old Designator=U1A-42 Old Name=PE5 New Designator =PA3 New Name=4
Change Pin Designator/Name:  Old Designator=U1A-43 Old Name=PE6 New Designator =PD0 New Name=28
Change Pin Designator/Name:  Old Designator=U1A-44 Old Name=PE7 New Designator =PA2 New Name=3
Change Pin Designator/Name:  Old Designator=U1A-47 Old Name=PF10 New Designator =PB6 New Name=12
Change Pin Designator/Name:  Old Designator=U1A-48 Old Name=PF11 New Designator =PB5 New Name=11
Change Pin Designator/Name:  Old Designator=U1A-53 Old Name=PF12 New Designator =PF11 New Name=48
Change Pin Designator/Name:  Old Designator=U1A-63 Old Name=PE14 New Designator =PA14 New Name=19
