Change component parameters: Designator = "L1"; Footprint = "DR74-101-R"; UniqueID = "\BVENDOTD"
Change component parameters. Clean all parameters for all variants
Change component parameters (AddParameter): Name = "Availability"; Value = "Unavailable"; VariantName = "[No Variations]"
Change component parameters (AddParameter): Name = "ComponentLink1Description"; Value = "Manufacturer Link"; VariantName = "[No Variations]"
Change component parameters (AddParameter): Name = "ComponentLink1URL"; Value = "https://www.digikey.no/en/supplier-centers/e/eaton"; VariantName = "[No Variations]"
Change component parameters (AddParameter): Name = "ComponentLink2Description"; Value = "Datasheet"; VariantName = "[No Variations]"
Change component parameters (AddParameter): Name = "ComponentLink2URL"; Value = "https://www.eaton.com/content/dam/eaton/products/electronic-components/resources/data-sheet/eaton-dr-high-power-density-high-efficiency-shielded-drum-core-power-inductors-data-sheet.pdf"; VariantName = "[No Variations]"
Change component parameters (AddParameter): Name = "Irms"; Value = "860mA"; VariantName = "[No Variations]"
Change component parameters (AddParameter): Name = "MF"; Value = "Eaton"; VariantName = "[No Variations]"
Change component parameters (AddParameter): Name = "MP"; Value = "DR74-101-R"; VariantName = "[No Variations]"
Change component parameters (AddParameter): Name = "Package"; Value = "Nonstandard Eaton"; VariantName = "[No Variations]"
Change component parameters (AddParameter): Name = "Part Number"; Value = "DR74-101-R"; VariantName = "[No Variations]"
Change component parameters (AddParameter): Name = "Price"; Value = "None"; VariantName = "[No Variations]"
Change component parameters (AddParameter): Name = "SnapEDA_Link"; Value = "https://www.snapeda.com/parts/DR74-101-R/Eaton/view-part/?ref=snap"; VariantName = "[No Variations]"
Change component parameters (AddParameter): Name = "Supplier 1"; Value = "Digi-Key"; VariantName = "[No Variations]"
Change component parameters (AddParameter): Name = "Supplier Part Number 1"; Value = "513-1225-1-ND"; VariantName = "[No Variations]"
Change component parameters (AddParameter): Name = "Value"; Value = "100 µH"; VariantName = "[No Variations]"
Change component parameters: Designator = "L2"; Footprint = "DR74-101-R"; UniqueID = "\BBTEUVNY"
Change component parameters. Clean all parameters for all variants
Change component parameters (AddParameter): Name = "Availability"; Value = "Unavailable"; VariantName = "[No Variations]"
Change component parameters (AddParameter): Name = "ComponentLink1Description"; Value = "Manufacturer Link"; VariantName = "[No Variations]"
Change component parameters (AddParameter): Name = "ComponentLink1URL"; Value = "https://www.digikey.no/en/supplier-centers/e/eaton"; VariantName = "[No Variations]"
Change component parameters (AddParameter): Name = "ComponentLink2Description"; Value = "Datasheet"; VariantName = "[No Variations]"
Change component parameters (AddParameter): Name = "ComponentLink2URL"; Value = "https://www.eaton.com/content/dam/eaton/products/electronic-components/resources/data-sheet/eaton-dr-high-power-density-high-efficiency-shielded-drum-core-power-inductors-data-sheet.pdf"; VariantName = "[No Variations]"
Change component parameters (AddParameter): Name = "Irms"; Value = "860mA"; VariantName = "[No Variations]"
Change component parameters (AddParameter): Name = "MF"; Value = "Eaton"; VariantName = "[No Variations]"
Change component parameters (AddParameter): Name = "MP"; Value = "DR74-101-R"; VariantName = "[No Variations]"
Change component parameters (AddParameter): Name = "Package"; Value = "Nonstandard Eaton"; VariantName = "[No Variations]"
Change component parameters (AddParameter): Name = "Part Number"; Value = "DR74-101-R"; VariantName = "[No Variations]"
Change component parameters (AddParameter): Name = "Price"; Value = "None"; VariantName = "[No Variations]"
Change component parameters (AddParameter): Name = "SnapEDA_Link"; Value = "https://www.snapeda.com/parts/DR74-101-R/Eaton/view-part/?ref=snap"; VariantName = "[No Variations]"
Change component parameters (AddParameter): Name = "Supplier 1"; Value = "Digi-Key"; VariantName = "[No Variations]"
Change component parameters (AddParameter): Name = "Supplier Part Number 1"; Value = "513-1225-1-ND"; VariantName = "[No Variations]"
Change component parameters (AddParameter): Name = "Value"; Value = "100 µH"; VariantName = "[No Variations]"
