Replace Part C1 Capacitor in C:\repo\Backplane\Backplane.SchDoc with Capacitor from Celestial Library Database.DbLib
Replace Part C2 Capacitor in C:\repo\Backplane\Backplane.SchDoc with Capacitor from Celestial Library Database.DbLib
Replace Part C3 Polarised Capacitor in C:\repo\Backplane\Backplane.SchDoc with Polarised Capacitor from Celestial Library Database.DbLib
Replace Part C4 Polarised Capacitor in C:\repo\Backplane\Backplane.SchDoc with Polarised Capacitor from Celestial Library Database.DbLib
Replace Part C5 Capacitor in C:\repo\Backplane\Backplane.SchDoc with Capacitor from Celestial Library Database.DbLib
Replace Part C6 Capacitor in C:\repo\Backplane\Backplane.SchDoc with Capacitor from Celestial Library Database.DbLib
Replace Part C7 Polarised Capacitor in C:\repo\Backplane\Backplane.SchDoc with Polarised Capacitor from Celestial Library Database.DbLib
Replace Part C8 Capacitor in C:\repo\Backplane\Backplane.SchDoc with Capacitor from Celestial Library Database.DbLib
Replace Part C9 Capacitor in C:\repo\Backplane\Backplane.SchDoc with Capacitor from Celestial Library Database.DbLib
Replace Part D1 LED in C:\repo\Backplane\Backplane.SchDoc with LED from Celestial Library Database.DbLib
Replace Part D2 LED in C:\repo\Backplane\Backplane.SchDoc with LED from Celestial Library Database.DbLib
Replace Part D3 LED in C:\repo\Backplane\Backplane.SchDoc with LED from Celestial Library Database.DbLib
Replace Part D4 LED in C:\repo\Backplane\Backplane.SchDoc with LED from Celestial Library Database.DbLib
Replace Part IC1 INFINEON MOSFET N-CH SOT-23-3 in C:\repo\Backplane\Backplane.SchDoc with INFINEON MOSFET N-CH SOT-23-3 from Celestial Library Database.DbLib
Replace Part IC2 INFINEON MOSFET N-CH SOT-23-3 in C:\repo\Backplane\Backplane.SchDoc with INFINEON MOSFET N-CH SOT-23-3 from Celestial Library Database.DbLib
Replace Part J1 LPHPower_connector in C:\repo\Backplane\Backplane.SchDoc with LPHPower_connector from Vortex-component-database.DbLib
Replace Part J1 LPHPower_connector in C:\repo\Backplane\Backplane.SchDoc with LPHPower_connector from Vortex-component-database.DbLib
Replace Part J2 LPHPower_connector in C:\repo\Backplane\Backplane.SchDoc with LPHPower_connector from Vortex-component-database.DbLib
Replace Part J2 LPHPower_connector in C:\repo\Backplane\Backplane.SchDoc with LPHPower_connector from Vortex-component-database.DbLib
Replace Part J3 LPHPower_connector in C:\repo\Backplane\Backplane.SchDoc with LPHPower_connector from Vortex-component-database.DbLib
Replace Part J3 LPHPower_connector in C:\repo\Backplane\Backplane.SchDoc with LPHPower_connector from Vortex-component-database.DbLib
Replace Part J4 LPHPower_connector in C:\repo\Backplane\Backplane.SchDoc with LPHPower_connector from Vortex-component-database.DbLib
Replace Part J4 LPHPower_connector in C:\repo\Backplane\Backplane.SchDoc with LPHPower_connector from Vortex-component-database.DbLib
Replace Part J5 Header 4 in C:\repo\Backplane\Backplane.SchDoc with Header 4 from Vortex-component-database.DbLib
Replace Part J6 Header 4 in C:\repo\Backplane\Backplane.SchDoc with Header 4 from Vortex-component-database.DbLib
Replace Part J7 Header 4 in C:\repo\Backplane\Backplane.SchDoc with Header 4 from Vortex-component-database.DbLib
Replace Part J8 Header 4 in C:\repo\Backplane\Backplane.SchDoc with Header 4 from Vortex-component-database.DbLib
Replace Part J9 2 Pin in C:\repo\Backplane\Backplane.SchDoc with 2 Pin from Celestial Library Database.DbLib
Replace Part J10 Header 2 in C:\repo\Backplane\Backplane.SchDoc with Header 2 from Vortex-component-database.DbLib
Replace Part J11 Header 4 in C:\repo\Backplane\Backplane.SchDoc with Header 4 from Vortex-component-database.DbLib
Replace Part J12 Header 4 in C:\repo\Backplane\Backplane.SchDoc with Header 4 from Vortex-component-database.DbLib
Replace Part P1 Header 3X2 in C:\repo\Backplane\Backplane.SchDoc with Header 3X2 from Miscellaneous Connectors.IntLib
Replace Part R1 Resistor in C:\repo\Backplane\Backplane.SchDoc with Resistor from Celestial Library Database.DbLib
Replace Part R2 Resistor in C:\repo\Backplane\Backplane.SchDoc with Resistor from Celestial Library Database.DbLib
Replace Part R3 Resistor in C:\repo\Backplane\Backplane.SchDoc with Resistor from Celestial Library Database.DbLib
Replace Part R4 Resistor in C:\repo\Backplane\Backplane.SchDoc with Resistor from Celestial Library Database.DbLib
Replace Part R5 Resistor in C:\repo\Backplane\Backplane.SchDoc with Resistor from Celestial Library Database.DbLib
Replace Part R6 Resistor in C:\repo\Backplane\Backplane.SchDoc with Resistor from Celestial Library Database.DbLib
Replace Part R7 Resistor in C:\repo\Backplane\Backplane.SchDoc with Resistor from Celestial Library Database.DbLib
Replace Part R8 Resistor in C:\repo\Backplane\Backplane.SchDoc with Resistor from Celestial Library Database.DbLib
Replace Part R9 Resistor in C:\repo\Backplane\Backplane.SchDoc with Resistor from Celestial Library Database.DbLib
Replace Part R10 Resistor in C:\repo\Backplane\Backplane.SchDoc with Resistor from Celestial Library Database.DbLib
Replace Part U1 Ultimate Sensor Fusion Solution in C:\repo\Backplane\Backplane.SchDoc with Ultimate Sensor Fusion Solution from Vortex-component-database.DbLib
Replace Part U2 Volt_Reg in C:\repo\Backplane\Backplane.SchDoc with Volt_Reg from Vortex-component-database.DbLib
