Added Component: Designator=P2(HDR2X12)
Add component. Clean all parameters for all variants
Add component (AddParameter): Name = "LatestRevisionDate"; Value = "17-Jul-2002"; VariantName = "[No Variations]"
Add component (AddParameter): Name = "LatestRevisionNote"; Value = "Re-released for DXP Platform."; VariantName = "[No Variations]"
Add component (AddParameter): Name = "Publisher"; Value = "Altium Limited"; VariantName = "[No Variations]"
Added Pin To Net: NetName=SDA1 Pin=P2-1
Added Pin To Net: NetName=PWM8 Pin=P2-2
Added Pin To Net: NetName=SCL1 Pin=P2-3
Added Pin To Net: NetName=PWM9 Pin=P2-4
Added Pin To Net: NetName=SDA2 Pin=P2-5
Added Pin To Net: NetName=Rx1 Pin=P2-6
Added Pin To Net: NetName=SCL2 Pin=P2-7
Added Pin To Net: NetName=Tx1 Pin=P2-8
Added Pin To Net: NetName=THR0 Pin=P2-9
Added Pin To Net: NetName=Rx2 Pin=P2-10
Added Pin To Net: NetName=THR1 Pin=P2-11
Added Pin To Net: NetName=Tx2 Pin=P2-12
Added Pin To Net: NetName=THR2 Pin=P2-13
Added Pin To Net: NetName=GPIO0 Pin=P2-14
Added Pin To Net: NetName=THR3 Pin=P2-15
Added Pin To Net: NetName=GPIO1 Pin=P2-16
Added Pin To Net: NetName=THR4 Pin=P2-17
Added Pin To Net: NetName=GPIO2 Pin=P2-18
Added Pin To Net: NetName=THR5 Pin=P2-19
Added Pin To Net: NetName=GPIO3 Pin=P2-20
Added Pin To Net: NetName=THR6 Pin=P2-21
Added Pin To Net: NetName=GPIO4 Pin=P2-22
Added Pin To Net: NetName=THR7 Pin=P2-23
Added Pin To Net: NetName=GPIO5 Pin=P2-24
Added Member To Class: ClassName=Backplane Member=Component P2 Header 12X2
