Replace Part C13 Capacitor in C:\repo\Backplane\OPID[351] 5V Step-down regulator v2.SchDoc with Capacitor from Celestial Library Database.DbLib
Replace Part C14 Capacitor in C:\repo\Backplane\OPID[351] 5V Step-down regulator v2.SchDoc with Capacitor from Celestial Library Database.DbLib
Replace Part C15 Capacitor in C:\repo\Backplane\OPID[351] 5V Step-down regulator v2.SchDoc with Capacitor from Celestial Library Database.DbLib
Replace Part C16 Capacitor in C:\repo\Backplane\OPID[351] 5V Step-down regulator v2.SchDoc with Capacitor from Celestial Library Database.DbLib
Replace Part C17 Capacitor in C:\repo\Backplane\OPID[351] 5V Step-down regulator v2.SchDoc with Capacitor from Celestial Library Database.DbLib
Replace Part C18 Capacitor in C:\repo\Backplane\OPID[351] 5V Step-down regulator v2.SchDoc with Capacitor from Celestial Library Database.DbLib
Replace Part C19 Capacitor in C:\repo\Backplane\OPID[351] 5V Step-down regulator v2.SchDoc with Capacitor from Celestial Library Database.DbLib
Replace Part C20 Capacitor in C:\repo\Backplane\OPID[351] 5V Step-down regulator v2.SchDoc with Capacitor from Celestial Library Database.DbLib
Replace Part C21 Capacitor in C:\repo\Backplane\OPID[351] 5V Step-down regulator v2.SchDoc with Capacitor from Celestial Library Database.DbLib
Replace Part C22 Capacitor in C:\repo\Backplane\OPID[351] 5V Step-down regulator v2.SchDoc with Capacitor from Celestial Library Database.DbLib
Replace Part C23 Capacitor in C:\repo\Backplane\OPID[351] 5V Step-down regulator v2.SchDoc with Capacitor from Celestial Library Database.DbLib
Replace Part C24 Polarised Capacitor in C:\repo\Backplane\OPID[351] 5V Step-down regulator v2.SchDoc with Polarised Capacitor from Celestial Library Database.DbLib
Replace Part C25 Capacitor in C:\repo\Backplane\OPID[351] 5V Step-down regulator v2.SchDoc with Capacitor from Celestial Library Database.DbLib
Replace Part C26 Capacitor in C:\repo\Backplane\OPID[351] 5V Step-down regulator v2.SchDoc with Capacitor from Celestial Library Database.DbLib
Replace Part C27 Capacitor in C:\repo\Backplane\OPID[351] 5V Step-down regulator v2.SchDoc with Capacitor from Celestial Library Database.DbLib
Replace Part C28 Capacitor in C:\repo\Backplane\OPID[351] 5V Step-down regulator v2.SchDoc with Capacitor from Celestial Library Database.DbLib
Replace Part C29 Capacitor in C:\repo\Backplane\OPID[351] 5V Step-down regulator v2.SchDoc with Capacitor from Celestial Library Database.DbLib
Replace Part C30 Capacitor in C:\repo\Backplane\OPID[351] 5V Step-down regulator v2.SchDoc with Capacitor from Celestial Library Database.DbLib
Replace Part L2 FPV1006-150-R in C:\repo\Backplane\OPID[351] 5V Step-down regulator v2.SchDoc with FPV1006-150-R from Vortex-component-database.DbLib
Replace Part R12 Potentiometer in C:\repo\Backplane\OPID[351] 5V Step-down regulator v2.SchDoc with Potentiometer from Celestial Library Database.DbLib
Replace Part U4 PI34xx-00 in C:\repo\Backplane\OPID[351] 5V Step-down regulator v2.SchDoc with PI34xx-00 from Vortex-component-database.DbLib
